2018-05-08 14:14:24,099 - INFO - Starting theat DNS checking.
2018-05-08 14:14:24,099 - INFO - The next start time :2018-05-08 10:00:00
2018-05-08 14:14:24,099 - INFO - Download starting.
2018-05-08 14:14:24,164 - INFO - Downloading ransomwaretracker.
2018-05-08 14:14:25,697 - INFO - Download ransomwaretracker completed.
2018-05-08 14:14:25,698 - INFO - Downloading malwaredomainlist.
2018-05-08 14:14:44,812 - INFO - Download malwaredomainlist completed.
2018-05-08 14:14:44,813 - INFO - Downloading zeustracker.
2018-05-08 14:15:05,825 - ERROR - Download zeustracker failed.
2018-05-08 14:15:05,832 - INFO - Downloading malwaredomains.
2018-05-08 14:15:27,088 - INFO - Download malwaredomains completed.
2018-05-08 14:15:27,089 - INFO - Downloading CoinBlockerLists.
2018-05-08 14:15:29,424 - INFO - Download CoinBlockerLists completed.
2018-05-08 14:15:29,424 - INFO - Downloading urlhaus.
2018-05-08 14:15:33,111 - INFO - Download urlhaus completed.
2018-05-08 14:15:33,471 - INFO - Download completed.
2018-05-08 14:15:33,471 - INFO - Checking the DNS.
2018-05-08 14:15:33,471 - INFO - Getting ES DNS domain completed.
2018-05-08 14:15:33,486 - INFO - Get ES DNS domain completed.
2018-05-08 14:15:33,517 - INFO - Match DNS list :
[]
2018-05-08 14:15:33,517 - INFO - Match DNS blacklist :
[]
2018-05-08 14:15:33,519 - INFO - Checking completed.
2018-05-08 14:15:33,519 - INFO - The next start time :2018-05-08 10:05:00
2018-05-08 14:15:33,519 - INFO - Checking the DNS.
2018-05-08 14:15:33,519 - INFO - Getting ES DNS domain completed.
2018-05-08 14:15:33,627 - INFO - Get ES DNS domain completed.
2018-05-08 14:15:33,661 - INFO - Match DNS list :
[]
2018-05-08 14:15:33,661 - INFO - Match DNS blacklist :
[]
2018-05-08 14:15:33,663 - INFO - Checking completed.
2018-05-08 14:15:33,663 - INFO - The next start time :2018-05-08 10:10:00
2018-05-08 14:15:33,663 - INFO - Checking the DNS.
2018-05-08 14:15:33,663 - INFO - Getting ES DNS domain completed.
2018-05-08 14:15:33,673 - INFO - Get ES DNS domain completed.
2018-05-08 14:15:33,694 - INFO - Match DNS list :
[]
2018-05-08 14:15:33,694 - INFO - Match DNS blacklist :
[]
2018-05-08 14:15:33,694 - INFO - Checking completed.
2018-05-08 14:15:33,694 - INFO - The next start time :2018-05-08 10:15:00
2018-05-08 14:15:33,696 - INFO - Checking the DNS.
2018-05-08 14:15:33,696 - INFO - Getting ES DNS domain completed.
2018-05-08 14:15:33,709 - INFO - Get ES DNS domain completed.
2018-05-08 14:15:33,734 - INFO - Match DNS list :
[['api', 'moneroocean', 'stream']]
2018-05-08 14:15:33,734 - INFO - Match DNS blacklist :
[['api', 'moneroocean', 'stream']]
2018-05-08 14:15:33,868 - INFO - Checking completed.
2018-05-08 14:15:33,868 - INFO - The next start time :2018-05-08 10:20:00
2018-05-08 14:15:33,868 - INFO - Checking the DNS.
2018-05-08 14:15:33,868 - INFO - Getting ES DNS domain completed.
2018-05-08 14:15:33,878 - INFO - Get ES DNS domain completed.
2018-05-08 14:15:33,913 - INFO - Match DNS list :
[]
2018-05-08 14:15:33,913 - INFO - Match DNS blacklist :
[]
2018-05-08 14:15:33,914 - INFO - Checking completed.
2018-05-08 14:15:33,914 - INFO - The next start time :2018-05-08 10:25:00
2018-05-08 14:15:33,915 - INFO - Checking the DNS.
2018-05-08 14:15:33,915 - INFO - Getting ES DNS domain completed.
2018-05-08 14:15:33,923 - INFO - Get ES DNS domain completed.
2018-05-08 14:15:33,944 - INFO - Match DNS list :
[]
2018-05-08 14:15:33,944 - INFO - Match DNS blacklist :
[]
2018-05-08 14:15:33,946 - INFO - Checking completed.
2018-05-08 14:15:33,946 - INFO - The next start time :2018-05-08 10:30:00
2018-05-08 14:15:33,947 - INFO - Checking the DNS.
2018-05-08 14:15:33,947 - INFO - Getting ES DNS domain completed.
2018-05-08 14:15:33,954 - INFO - Get ES DNS domain completed.
2018-05-08 14:15:33,979 - INFO - Match DNS list :
[]
2018-05-08 14:15:33,979 - INFO - Match DNS blacklist :
[]
2018-05-08 14:15:33,980 - INFO - Checking completed.
2018-05-08 14:15:33,980 - INFO - The next start time :2018-05-08 10:35:00
2018-05-08 14:15:33,980 - INFO - Checking the DNS.
2018-05-08 14:15:33,980 - INFO - Getting ES DNS domain completed.
2018-05-08 14:15:33,987 - INFO - Get ES DNS domain completed.
2018-05-08 14:15:34,009 - INFO - Match DNS list :
[]
2018-05-08 14:15:34,010 - INFO - Match DNS blacklist :
[]
2018-05-08 14:15:34,012 - INFO - Checking completed.
2018-05-08 14:15:34,012 - INFO - The next start time :2018-05-08 10:40:00
2018-05-08 14:15:34,012 - INFO - Checking the DNS.
2018-05-08 14:15:34,013 - INFO - Getting ES DNS domain completed.
2018-05-08 14:15:34,023 - INFO - Get ES DNS domain completed.
2018-05-08 14:15:34,046 - INFO - Match DNS list :
[]
2018-05-08 14:15:34,046 - INFO - Match DNS blacklist :
[]
2018-05-08 14:15:34,049 - INFO - Checking completed.
2018-05-08 14:15:34,049 - INFO - The next start time :2018-05-08 10:45:00
2018-05-08 14:15:34,049 - INFO - Checking the DNS.
2018-05-08 14:15:34,049 - INFO - Getting ES DNS domain completed.
2018-05-08 14:15:34,056 - INFO - Get ES DNS domain completed.
2018-05-08 14:15:34,094 - INFO - Match DNS list :
[]
2018-05-08 14:15:34,094 - INFO - Match DNS blacklist :
[]
2018-05-08 14:15:34,095 - INFO - Checking completed.
2018-05-08 14:15:34,095 - INFO - The next start time :2018-05-08 10:50:00
2018-05-08 14:15:34,095 - INFO - Checking the DNS.
2018-05-08 14:15:34,095 - INFO - Getting ES DNS domain completed.
2018-05-08 14:15:34,111 - INFO - Get ES DNS domain completed.
2018-05-08 14:15:34,144 - INFO - Match DNS list :
[['eth', 'f2pool', 'com'], ['vmay', 'com'], ['www', 'professionalblackbook', 'com']]
2018-05-08 14:15:34,144 - INFO - Match DNS blacklist :
[['eth', 'f2pool', 'com'], ['vmay', 'com'], ['www', 'professionalblackbook', 'com']]
2018-05-08 14:15:34,263 - INFO - Checking completed.
2018-05-08 14:15:34,263 - INFO - The next start time :2018-05-08 10:55:00
2018-05-08 14:15:34,263 - INFO - Checking the DNS.
2018-05-08 14:15:34,263 - INFO - Getting ES DNS domain completed.
2018-05-08 14:15:34,269 - INFO - Get ES DNS domain completed.
2018-05-08 14:15:34,295 - INFO - Match DNS list :
[]
2018-05-08 14:15:34,295 - INFO - Match DNS blacklist :
[]
2018-05-08 14:15:34,296 - INFO - Checking completed.
2018-05-08 14:15:34,296 - INFO - The next start time :2018-05-08 11:00:00
2018-05-08 14:15:34,296 - INFO - Checking the DNS.
2018-05-08 14:15:34,296 - INFO - Getting ES DNS domain completed.
2018-05-08 14:15:34,305 - INFO - Get ES DNS domain completed.
2018-05-08 14:15:34,344 - INFO - Match DNS list :
[]
2018-05-08 14:15:34,345 - INFO - Match DNS blacklist :
[]
2018-05-08 14:15:34,345 - INFO - Checking completed.
2018-05-08 14:15:34,345 - INFO - The next start time :2018-05-08 11:05:00
2018-05-08 14:15:34,345 - INFO - Checking the DNS.
2018-05-08 14:15:34,346 - INFO - Getting ES DNS domain completed.
2018-05-08 14:15:34,354 - INFO - Get ES DNS domain completed.
2018-05-08 14:15:34,378 - INFO - Match DNS list :
[]
2018-05-08 14:15:34,378 - INFO - Match DNS blacklist :
[]
2018-05-08 14:15:34,380 - INFO - Checking completed.
2018-05-08 14:15:34,380 - INFO - The next start time :2018-05-08 11:10:00
2018-05-08 14:15:34,380 - INFO - Checking the DNS.
2018-05-08 14:15:34,381 - INFO - Getting ES DNS domain completed.
2018-05-08 14:15:34,394 - INFO - Get ES DNS domain completed.
2018-05-08 14:15:34,417 - INFO - Match DNS list :
[]
2018-05-08 14:15:34,417 - INFO - Match DNS blacklist :
[]
2018-05-08 14:15:34,420 - INFO - Checking completed.
2018-05-08 14:15:34,420 - INFO - The next start time :2018-05-08 11:15:00
2018-05-08 14:15:34,420 - INFO - Checking the DNS.
2018-05-08 14:15:34,420 - INFO - Getting ES DNS domain completed.
2018-05-08 14:15:34,428 - INFO - Get ES DNS domain completed.
2018-05-08 14:15:34,450 - INFO - Match DNS list :
[]
2018-05-08 14:15:34,450 - INFO - Match DNS blacklist :
[]
2018-05-08 14:15:34,451 - INFO - Checking completed.
2018-05-08 14:15:34,451 - INFO - The next start time :2018-05-08 11:20:00
2018-05-08 14:15:34,451 - INFO - Checking the DNS.
2018-05-08 14:15:34,451 - INFO - Getting ES DNS domain completed.
2018-05-08 14:15:34,460 - INFO - Get ES DNS domain completed.
2018-05-08 14:15:34,489 - INFO - Match DNS list :
[]
2018-05-08 14:15:34,489 - INFO - Match DNS blacklist :
[]
2018-05-08 14:15:34,490 - INFO - Checking completed.
2018-05-08 14:15:34,490 - INFO - The next start time :2018-05-08 11:25:00
2018-05-08 14:15:34,490 - INFO - Checking the DNS.
2018-05-08 14:15:34,490 - INFO - Getting ES DNS domain completed.
2018-05-08 14:15:34,503 - INFO - Get ES DNS domain completed.
2018-05-08 14:15:34,540 - INFO - Match DNS list :
[]
2018-05-08 14:15:34,540 - INFO - Match DNS blacklist :
[]
2018-05-08 14:15:34,542 - INFO - Checking completed.
2018-05-08 14:15:34,542 - INFO - The next start time :2018-05-08 11:30:00
2018-05-08 14:15:34,543 - INFO - Checking the DNS.
2018-05-08 14:15:34,543 - INFO - Getting ES DNS domain completed.
2018-05-08 14:15:34,553 - INFO - Get ES DNS domain completed.
2018-05-08 14:15:34,578 - INFO - Match DNS list :
[]
2018-05-08 14:15:34,578 - INFO - Match DNS blacklist :
[]
2018-05-08 14:15:34,581 - INFO - Checking completed.
2018-05-08 14:15:34,581 - INFO - The next start time :2018-05-08 11:35:00
2018-05-08 14:15:34,581 - INFO - Checking the DNS.
2018-05-08 14:15:34,582 - INFO - Getting ES DNS domain completed.
2018-05-08 14:15:34,591 - INFO - Get ES DNS domain completed.
2018-05-08 14:15:34,614 - INFO - Match DNS list :
[]
2018-05-08 14:15:34,614 - INFO - Match DNS blacklist :
[]
2018-05-08 14:15:34,615 - INFO - Checking completed.
2018-05-08 14:15:34,615 - INFO - The next start time :2018-05-08 11:40:00
2018-05-08 14:15:34,615 - INFO - Checking the DNS.
2018-05-08 14:15:34,615 - INFO - Getting ES DNS domain completed.
2018-05-08 14:15:34,624 - INFO - Get ES DNS domain completed.
2018-05-08 14:15:34,648 - INFO - Match DNS list :
[]
2018-05-08 14:15:34,648 - INFO - Match DNS blacklist :
[]
2018-05-08 14:15:34,648 - INFO - Checking completed.
2018-05-08 14:15:34,648 - INFO - The next start time :2018-05-08 11:45:00
2018-05-08 14:15:34,648 - INFO - Checking the DNS.
2018-05-08 14:15:34,650 - INFO - Getting ES DNS domain completed.
2018-05-08 14:15:34,657 - INFO - Get ES DNS domain completed.
2018-05-08 14:15:34,693 - INFO - Match DNS list :
[]
2018-05-08 14:15:34,693 - INFO - Match DNS blacklist :
[]
2018-05-08 14:15:34,694 - INFO - Checking completed.
2018-05-08 14:15:34,694 - INFO - The next start time :2018-05-08 11:50:00
2018-05-08 14:15:34,694 - INFO - Checking the DNS.
2018-05-08 14:15:34,694 - INFO - Getting ES DNS domain completed.
2018-05-08 14:15:34,707 - INFO - Get ES DNS domain completed.
2018-05-08 14:15:34,730 - INFO - Match DNS list :
[]
2018-05-08 14:15:34,730 - INFO - Match DNS blacklist :
[]
2018-05-08 14:15:34,732 - INFO - Checking completed.
2018-05-08 14:15:34,732 - INFO - The next start time :2018-05-08 11:55:00
2018-05-08 14:15:34,732 - INFO - Checking the DNS.
2018-05-08 14:15:34,733 - INFO - Getting ES DNS domain completed.
2018-05-08 14:15:34,740 - INFO - Get ES DNS domain completed.
2018-05-08 14:15:34,770 - INFO - Match DNS list :
[]
2018-05-08 14:15:34,770 - INFO - Match DNS blacklist :
[]
2018-05-08 14:15:34,773 - INFO - Checking completed.
2018-05-08 14:15:34,773 - INFO - The next start time :2018-05-08 12:00:00
2018-05-08 14:15:34,773 - INFO - Checking the DNS.
2018-05-08 14:15:34,773 - INFO - Getting ES DNS domain completed.
2018-05-08 14:15:34,782 - INFO - Get ES DNS domain completed.
2018-05-08 14:15:34,808 - INFO - Match DNS list :
[]
2018-05-08 14:15:34,808 - INFO - Match DNS blacklist :
[]
2018-05-08 14:15:34,809 - INFO - Checking completed.
2018-05-08 14:15:34,809 - INFO - The next start time :2018-05-08 12:05:00
2018-05-08 14:15:34,809 - INFO - Checking the DNS.
2018-05-08 14:15:34,811 - INFO - Getting ES DNS domain completed.
2018-05-08 14:15:34,818 - INFO - Get ES DNS domain completed.
2018-05-08 14:15:34,838 - INFO - Match DNS list :
[]
2018-05-08 14:15:34,838 - INFO - Match DNS blacklist :
[]
2018-05-08 14:15:34,841 - INFO - Checking completed.
2018-05-08 14:15:34,841 - INFO - The next start time :2018-05-08 12:10:00
2018-05-08 14:15:34,841 - INFO - Checking the DNS.
2018-05-08 14:15:34,842 - INFO - Getting ES DNS domain completed.
2018-05-08 14:15:34,848 - INFO - Get ES DNS domain completed.
2018-05-08 14:15:34,881 - INFO - Match DNS list :
[]
2018-05-08 14:15:34,881 - INFO - Match DNS blacklist :
[]
2018-05-08 14:15:34,882 - INFO - Checking completed.
2018-05-08 14:15:34,884 - INFO - The next start time :2018-05-08 12:15:00
2018-05-08 14:15:34,884 - INFO - Checking the DNS.
2018-05-08 14:15:34,884 - INFO - Getting ES DNS domain completed.
2018-05-08 14:15:34,891 - INFO - Get ES DNS domain completed.
2018-05-08 14:15:34,913 - INFO - Match DNS list :
[]
2018-05-08 14:15:34,913 - INFO - Match DNS blacklist :
[]
2018-05-08 14:15:34,914 - INFO - Checking completed.
2018-05-08 14:15:34,914 - INFO - The next start time :2018-05-08 12:20:00
2018-05-08 14:15:34,914 - INFO - Checking the DNS.
2018-05-08 14:15:34,914 - INFO - Getting ES DNS domain completed.
2018-05-08 14:15:34,921 - INFO - Get ES DNS domain completed.
2018-05-08 14:15:34,946 - INFO - Match DNS list :
[]
2018-05-08 14:15:34,946 - INFO - Match DNS blacklist :
[]
2018-05-08 14:15:34,947 - INFO - Checking completed.
2018-05-08 14:15:34,947 - INFO - The next start time :2018-05-08 12:25:00
2018-05-08 14:15:34,947 - INFO - Checking the DNS.
2018-05-08 14:15:34,947 - INFO - Getting ES DNS domain completed.
2018-05-08 14:15:34,957 - INFO - Get ES DNS domain completed.
2018-05-08 14:15:34,987 - INFO - Match DNS list :
[]
2018-05-08 14:15:34,987 - INFO - Match DNS blacklist :
[]
2018-05-08 14:15:34,990 - INFO - Checking completed.
2018-05-08 14:15:34,990 - INFO - The next start time :2018-05-08 12:30:00
2018-05-08 14:15:34,990 - INFO - Checking the DNS.
2018-05-08 14:15:34,990 - INFO - Getting ES DNS domain completed.
2018-05-08 14:15:34,996 - INFO - Get ES DNS domain completed.
2018-05-08 14:15:35,028 - INFO - Match DNS list :
[]
2018-05-08 14:15:35,028 - INFO - Match DNS blacklist :
[]
2018-05-08 14:15:35,029 - INFO - Checking completed.
2018-05-08 14:15:35,029 - INFO - The next start time :2018-05-08 12:35:00
2018-05-08 14:15:35,029 - INFO - Checking the DNS.
2018-05-08 14:15:35,030 - INFO - Getting ES DNS domain completed.
2018-05-08 14:15:35,039 - INFO - Get ES DNS domain completed.
2018-05-08 14:15:35,075 - INFO - Match DNS list :
[]
2018-05-08 14:15:35,075 - INFO - Match DNS blacklist :
[]
2018-05-08 14:15:35,076 - INFO - Checking completed.
2018-05-08 14:15:35,076 - INFO - The next start time :2018-05-08 12:40:00
2018-05-08 14:15:35,076 - INFO - Checking the DNS.
2018-05-08 14:15:35,078 - INFO - Getting ES DNS domain completed.
2018-05-08 14:15:35,085 - INFO - Get ES DNS domain completed.
2018-05-08 14:15:35,107 - INFO - Match DNS list :
[]
2018-05-08 14:15:35,107 - INFO - Match DNS blacklist :
[]
2018-05-08 14:15:35,108 - INFO - Checking completed.
2018-05-08 14:15:35,108 - INFO - The next start time :2018-05-08 12:45:00
2018-05-08 14:15:35,108 - INFO - Checking the DNS.
2018-05-08 14:15:35,108 - INFO - Getting ES DNS domain completed.
2018-05-08 14:15:35,115 - INFO - Get ES DNS domain completed.
2018-05-08 14:15:35,138 - INFO - Match DNS list :
[]
2018-05-08 14:15:35,138 - INFO - Match DNS blacklist :
[]
2018-05-08 14:15:35,140 - INFO - Checking completed.
2018-05-08 14:15:35,140 - INFO - The next start time :2018-05-08 12:50:00
2018-05-08 14:15:35,140 - INFO - Checking the DNS.
2018-05-08 14:15:35,140 - INFO - Getting ES DNS domain completed.
2018-05-08 14:15:35,286 - INFO - Get ES DNS domain completed.
2018-05-08 14:15:35,309 - INFO - Match DNS list :
[]
2018-05-08 14:15:35,309 - INFO - Match DNS blacklist :
[]
2018-05-08 14:15:35,312 - INFO - Checking completed.
2018-05-08 14:15:35,312 - INFO - The next start time :2018-05-08 12:55:00
2018-05-08 14:15:35,312 - INFO - Checking the DNS.
2018-05-08 14:15:35,312 - INFO - Getting ES DNS domain completed.
2018-05-08 14:15:35,321 - INFO - Get ES DNS domain completed.
2018-05-08 14:15:35,358 - INFO - Match DNS list :
[]
2018-05-08 14:15:35,358 - INFO - Match DNS blacklist :
[]
2018-05-08 14:15:35,359 - INFO - Checking completed.
2018-05-08 14:15:35,359 - INFO - The next start time :2018-05-08 13:00:00
2018-05-08 14:15:35,359 - INFO - Checking the DNS.
2018-05-08 14:15:35,361 - INFO - Getting ES DNS domain completed.
2018-05-08 14:15:35,371 - INFO - Get ES DNS domain completed.
2018-05-08 14:15:35,392 - INFO - Match DNS list :
[]
2018-05-08 14:15:35,392 - INFO - Match DNS blacklist :
[]
2018-05-08 14:15:35,394 - INFO - Checking completed.
2018-05-08 14:15:35,394 - INFO - The next start time :2018-05-08 13:05:00
2018-05-08 14:15:35,394 - INFO - Checking the DNS.
2018-05-08 14:15:35,394 - INFO - Getting ES DNS domain completed.
2018-05-08 14:15:35,403 - INFO - Get ES DNS domain completed.
2018-05-08 14:15:35,426 - INFO - Match DNS list :
[]
2018-05-08 14:15:35,426 - INFO - Match DNS blacklist :
[]
2018-05-08 14:15:35,427 - INFO - Checking completed.
2018-05-08 14:15:35,427 - INFO - The next start time :2018-05-08 13:10:00
2018-05-08 14:15:35,427 - INFO - Checking the DNS.
2018-05-08 14:15:35,427 - INFO - Getting ES DNS domain completed.
2018-05-08 14:15:35,434 - INFO - Get ES DNS domain completed.
2018-05-08 14:15:35,460 - INFO - Match DNS list :
[]
2018-05-08 14:15:35,460 - INFO - Match DNS blacklist :
[]
2018-05-08 14:15:35,461 - INFO - Checking completed.
2018-05-08 14:15:35,463 - INFO - The next start time :2018-05-08 13:15:00
2018-05-08 14:15:35,463 - INFO - Checking the DNS.
2018-05-08 14:15:35,463 - INFO - Getting ES DNS domain completed.
2018-05-08 14:15:35,470 - INFO - Get ES DNS domain completed.
2018-05-08 14:15:35,492 - INFO - Match DNS list :
[]
2018-05-08 14:15:35,493 - INFO - Match DNS blacklist :
[]
2018-05-08 14:15:35,493 - INFO - Checking completed.
2018-05-08 14:15:35,493 - INFO - The next start time :2018-05-08 13:20:00
2018-05-08 14:15:35,493 - INFO - Checking the DNS.
2018-05-08 14:15:35,494 - INFO - Getting ES DNS domain completed.
2018-05-08 14:15:35,502 - INFO - Get ES DNS domain completed.
2018-05-08 14:15:35,535 - INFO - Match DNS list :
[]
2018-05-08 14:15:35,535 - INFO - Match DNS blacklist :
[]
2018-05-08 14:15:35,536 - INFO - Checking completed.
2018-05-08 14:15:35,536 - INFO - The next start time :2018-05-08 13:25:00
2018-05-08 14:15:35,536 - INFO - Checking the DNS.
2018-05-08 14:15:35,536 - INFO - Getting ES DNS domain completed.
2018-05-08 14:15:35,543 - INFO - Get ES DNS domain completed.
2018-05-08 14:15:35,568 - INFO - Match DNS list :
[]
2018-05-08 14:15:35,568 - INFO - Match DNS blacklist :
[]
2018-05-08 14:15:35,569 - INFO - Checking completed.
2018-05-08 14:15:35,569 - INFO - The next start time :2018-05-08 13:30:00
2018-05-08 14:15:35,569 - INFO - Checking the DNS.
2018-05-08 14:15:35,569 - INFO - Getting ES DNS domain completed.
2018-05-08 14:15:35,581 - INFO - Get ES DNS domain completed.
2018-05-08 14:15:35,605 - INFO - Match DNS list :
[]
2018-05-08 14:15:35,605 - INFO - Match DNS blacklist :
[]
2018-05-08 14:15:35,607 - INFO - Checking completed.
2018-05-08 14:15:35,607 - INFO - The next start time :2018-05-08 13:35:00
2018-05-08 14:15:35,607 - INFO - Checking the DNS.
2018-05-08 14:15:35,608 - INFO - Getting ES DNS domain completed.
2018-05-08 14:15:35,617 - INFO - Get ES DNS domain completed.
2018-05-08 14:15:35,638 - INFO - Match DNS list :
[]
2018-05-08 14:15:35,638 - INFO - Match DNS blacklist :
[]
2018-05-08 14:15:35,638 - INFO - Checking completed.
2018-05-08 14:15:35,638 - INFO - The next start time :2018-05-08 13:40:00
2018-05-08 14:15:35,640 - INFO - Checking the DNS.
2018-05-08 14:15:35,640 - INFO - Getting ES DNS domain completed.
2018-05-08 14:15:35,651 - INFO - Get ES DNS domain completed.
2018-05-08 14:15:35,676 - INFO - Match DNS list :
[]
2018-05-08 14:15:35,676 - INFO - Match DNS blacklist :
[]
2018-05-08 14:15:35,677 - INFO - Checking completed.
2018-05-08 14:15:35,677 - INFO - The next start time :2018-05-08 13:45:00
2018-05-08 14:15:35,677 - INFO - Checking the DNS.
2018-05-08 14:15:35,677 - INFO - Getting ES DNS domain completed.
2018-05-08 14:15:35,688 - INFO - Get ES DNS domain completed.
2018-05-08 14:15:35,726 - INFO - Match DNS list :
[]
2018-05-08 14:15:35,726 - INFO - Match DNS blacklist :
[]
2018-05-08 14:15:35,729 - INFO - Checking completed.
2018-05-08 14:15:35,729 - INFO - The next start time :2018-05-08 13:50:00
2018-05-08 14:15:35,730 - INFO - Checking the DNS.
2018-05-08 14:15:35,730 - INFO - Getting ES DNS domain completed.
2018-05-08 14:15:35,736 - INFO - Get ES DNS domain completed.
2018-05-08 14:15:35,766 - INFO - Match DNS list :
[]
2018-05-08 14:15:35,766 - INFO - Match DNS blacklist :
[]
2018-05-08 14:15:35,767 - INFO - Checking completed.
2018-05-08 14:15:35,767 - INFO - The next start time :2018-05-08 13:55:00
2018-05-08 14:15:35,767 - INFO - Checking the DNS.
2018-05-08 14:15:35,767 - INFO - Getting ES DNS domain completed.
2018-05-08 14:15:35,773 - INFO - Get ES DNS domain completed.
2018-05-08 14:15:35,802 - INFO - Match DNS list :
[]
2018-05-08 14:15:35,802 - INFO - Match DNS blacklist :
[]
2018-05-08 14:15:35,802 - INFO - Checking completed.
2018-05-08 14:15:35,802 - INFO - The next start time :2018-05-08 14:00:00
2018-05-08 14:15:35,802 - INFO - Checking the DNS.
2018-05-08 14:15:35,803 - INFO - Getting ES DNS domain completed.
2018-05-08 14:15:35,811 - INFO - Get ES DNS domain completed.
2018-05-08 14:15:35,832 - INFO - Match DNS list :
[]
2018-05-08 14:15:35,832 - INFO - Match DNS blacklist :
[]
2018-05-08 14:15:35,834 - INFO - Checking completed.
2018-05-08 14:15:35,834 - INFO - The next start time :2018-05-08 14:05:00
2018-05-08 14:15:35,835 - INFO - Checking the DNS.
2018-05-08 14:15:35,835 - INFO - Getting ES DNS domain completed.
2018-05-08 14:15:35,841 - INFO - Get ES DNS domain completed.
2018-05-08 14:15:35,862 - INFO - Match DNS list :
[]
2018-05-08 14:15:35,862 - INFO - Match DNS blacklist :
[]
2018-05-08 14:15:35,864 - INFO - Checking completed.
2018-05-08 14:15:35,865 - INFO - The next start time :2018-05-08 14:10:00
2018-05-08 14:15:35,865 - INFO - Checking the DNS.
2018-05-08 14:15:35,865 - INFO - Getting ES DNS domain completed.
2018-05-08 14:15:35,874 - INFO - Get ES DNS domain completed.
2018-05-08 14:15:35,917 - INFO - Match DNS list :
[]
2018-05-08 14:15:35,917 - INFO - Match DNS blacklist :
[]
2018-05-08 14:15:35,918 - INFO - Checking completed.
2018-05-08 14:15:35,918 - INFO - The next start time :2018-05-08 14:15:00
2018-05-08 14:15:35,918 - INFO - Checking the DNS.
2018-05-08 14:15:35,920 - INFO - Getting ES DNS domain completed.
2018-05-08 14:15:35,927 - INFO - Get ES DNS domain completed.
2018-05-08 14:15:35,954 - INFO - Match DNS list :
[]
2018-05-08 14:15:35,954 - INFO - Match DNS blacklist :
[]
2018-05-08 14:15:35,957 - INFO - Checking completed.
2018-05-08 14:15:35,957 - INFO - The next start time :2018-05-08 14:20:00
